DAY 1
Hour: 6 Shower: 56.187599220048284/14.0
Hour: 17 Cooking: 57.61235620027093/60.0
Hour: 19 Shower: 32.10719955431331/8.0
Hour: 19 Cooking: 24.005148416779555/60.0
Hour: 20 Cooking: 24.005148416779555/50.0
Hour: 22 Others: 26.48843963230848/11.295970189199384

Total: 219/203


DAY 2
Hour: 11 Others: 16.05327096834123/6.213101571869615
Hour: 13 Others: 16.05327096834123/8.596425679954006
Hour: 14 Others: 16.05327096834123/7.395737818138599
Hour: 17 Others: 16.05327096834123/11.200938463143988
Hour: 18 Cooking: 58.19310726023696/60.0
Hour: 18 Others: 16.05327096834123/11.495596260010728
Hour: 19 Shower: 23.265610099045265/6.0
Hour: 20 Cooking: 24.247128025098732/60.0
Hour: 21 Shower: 65.91922861396158/17.0
Hour: 21 Cooking: 24.247128025098732/50.0

Total: 275/236


DAY 3
Hour: 6 Shower: 55.91844351672486/12.0
Hour: 7 Shower: 32.61909205142283/7.0
Hour: 8 Shower: 37.27896234448323/8.0
Hour: 11 Shower: 51.258573223664456/11.0
Hour: 11 Others: 15.936756402266582/6.875862088033431
Hour: 12 Others: 15.936756402266582/9.321669731116323
Hour: 17 Others: 15.936756402266582/9.870179087387971
Hour: 18 Others: 15.936756402266582/7.571167244570644
Hour: 20 Others: 15.936756402266582/9.848330007537553

Total: 251/78


DAY 4
Hour: 6 Shower: 48.2111637525226/18.0
Hour: 19 Shower: 53.56795972502512/20.0
Hour: 19 Cooking: 58.255156200964805/60.0
Hour: 19 Others: 8.035193958753768/8.456407578669321
Hour: 20 Others: 8.035193958753768/6.8545683671269835
Hour: 21 Shower: 32.14077583501507/12.0
Hour: 21 Cooking: 24.272981750402003/60.0
Hour: 22 Cooking: 24.272981750402003/50.0
Hour: 22 Others: 8.035193958753768/5.3804011287821325

Total: 263/239


DAY 5
Hour: 17 Shower: 39.10930535869806/10.0
Hour: 17 Cooking: 58.6932900170661/60.0
Hour: 19 Cooking: 24.455537507110876/60.0
Hour: 19 Others: 8.095626209250497/8.838897549220679
Hour: 20 Cooking: 24.455537507110876/50.0
Hour: 20 Others: 8.095626209250497/5.79662482174242
Hour: 22 Shower: 50.84209696630747/13.0

Total: 211/206


DAY 6
Hour: 18 Cooking: 56.86326552167498/60.0
Hour: 20 Cooking: 23.69302730069791/60.0
Hour: 21 Cooking: 23.69302730069791/50.0
Hour: 21 Others: 7.843209037472413/11.880990934851557

Total: 110/181


DAY 7
Hour: 8 Shower: 47.505760026724936/8.0
Hour: 18 Cooking: 58.120328282696285/60.0
Hour: 18 Others: 8.016597004509832/11.865770684648211
Hour: 20 Cooking: 24.216803451123454/60.0
Hour: 20 Others: 8.016597004509832/10.412457162232023
Hour: 21 Cooking: 24.216803451123454/50.0
Hour: 22 Shower: 41.56754002338432/7.0
Hour: 22 Others: 8.016597004509832/11.185945484898408

Total: 218/217


DAY 8
Hour: 6 Shower: 29.518527768054106/11.0
Hour: 18 Cooking: 57.782518105965906/60.0
Hour: 18 Others: 7.970002497374609/7.590594845336488
Hour: 19 Others: 7.970002497374609/10.569593342031535
Hour: 20 Shower: 59.03705553610821/22.0
Hour: 20 Cooking: 24.07604921081913/60.0
Hour: 20 Others: 7.970002497374609/5.698432301507943
Hour: 21 Cooking: 24.07604921081913/50.0

Total: 216/225


DAY 9
Hour: 7 Shower: 44.54799294723018/7.0
Hour: 11 Shower: 44.54799294723018/7.0
Hour: 11 Others: 16.037277461002862/10.673732205921041
Hour: 17 Cooking: 58.13513079613537/60.0
Hour: 19 Cooking: 24.222971165056407/60.0
Hour: 19 Others: 16.037277461002862/5.655488271215978
Hour: 20 Cooking: 24.222971165056407/50.0
Hour: 20 Others: 16.037277461002862/5.292892737290033
Hour: 21 Others: 16.037277461002862/5.531087299914534

Total: 258/209


DAY 10
Hour: 9 Shower: 38.68612875400754/9.0
Hour: 10 Others: 15.474451501603014/5.418027159048126
Hour: 12 Others: 15.474451501603014/10.297836843820644
Hour: 13 Others: 15.474451501603014/5.708585944952264
Hour: 16 Others: 15.474451501603014/8.589166990755285
Hour: 17 Shower: 47.2830462548981/11.0
Hour: 18 Shower: 30.08921125311697/7.0
Hour: 18 Cooking: 56.094886693310926/60.0
Hour: 19 Others: 15.474451501603014/11.062432589667788
Hour: 20 Cooking: 23.37286945554622/60.0
Hour: 21 Cooking: 23.37286945554622/50.0
Hour: 22 Shower: 55.879963755788665/13.0

Total: 347/249


DAY 11
Hour: 6 Shower: 29.856322672985943/5.0
Hour: 18 Cooking: 58.44375163236998/60.0
Hour: 18 Others: 8.061207121706204/7.92772006258161
Hour: 20 Cooking: 24.35156318015416/60.0
Hour: 20 Others: 8.061207121706204/8.661430138252317
Hour: 21 Shower: 59.712645345971886/10.0
Hour: 21 Cooking: 24.35156318015416/50.0
Hour: 21 Others: 8.061207121706204/6.085664073033279

Total: 219/206


DAY 12
Hour: 6 Shower: 57.87491931260362/13.0
Hour: 18 Cooking: 58.09751515611363/60.0
Hour: 18 Others: 8.013450366360502/7.738497747936485
Hour: 19 Others: 8.013450366360502/10.747557769822292
Hour: 20 Shower: 26.711501221201672/6.0
Hour: 20 Cooking: 24.207297981714014/60.0
Hour: 20 Others: 8.013450366360502/7.570382655583552
Hour: 21 Shower: 48.971085572203066/11.0
Hour: 21 Cooking: 24.207297981714014/50.0

Total: 262/224


DAY 13
Hour: 6 Shower: 25.96224968763775/6.0
Hour: 18 Cooking: 58.35015617296583/60.0
Hour: 19 Shower: 51.9244993752755/12.0
Hour: 19 Others: 8.048297403167702/6.525651620197543
Hour: 20 Cooking: 24.3125650720691/60.0
Hour: 20 Others: 8.048297403167702/10.5791241093915
Hour: 21 Shower: 56.251540989881796/13.0
Hour: 21 Cooking: 24.3125650720691/50.0
Hour: 21 Others: 8.048297403167702/5.362090853972753

Total: 262/222


DAY 14
Hour: 7 Shower: 30.31870685219609/12.0
Hour: 17 Shower: 50.531178086993485/20.0
Hour: 18 Cooking: 58.52457882062975/60.0
Hour: 18 Others: 8.072355699397209/10.05112691220678
Hour: 20 Shower: 32.845265756545764/13.0
Hour: 20 Cooking: 24.385241175262397/60.0
Hour: 20 Others: 8.072355699397209/10.8674060142368
Hour: 21 Cooking: 24.385241175262397/50.0
Hour: 22 Shower: 65.69053151309153/26.0

Total: 300/261


DAY 15
Hour: 7 Shower: 55.08102217816944/10.0
Hour: 17 Cooking: 57.50458715400889/60.0
Hour: 18 Others: 26.438890645521326/5.533859790418897
Hour: 19 Cooking: 23.960244647503703/60.0
Hour: 19 Others: 26.438890645521326/5.890563909324944
Hour: 20 Cooking: 23.960244647503703/50.0
Hour: 21 Shower: 33.048613306901665/6.0
Hour: 21 Others: 26.438890645521326/7.970188702452272

Total: 270/203


DAY 16
Hour: 6 Shower: 66.39721789633359/17.0
Hour: 9 Shower: 31.24574959827463/8.0
Hour: 11 Others: 15.818160734126531/7.1895541320343685
Hour: 12 Others: 15.818160734126531/5.43004904675569
Hour: 13 Others: 15.818160734126531/6.2921454743286365
Hour: 16 Others: 15.818160734126531/8.239226380030159
Hour: 17 Shower: 23.434312198705975/6.0
Hour: 18 Cooking: 57.34083266120867/60.0
Hour: 19 Others: 15.818160734126531/5.3969274109485035
Hour: 20 Shower: 54.68006179698061/14.0
Hour: 20 Cooking: 23.892013608836947/60.0
Hour: 21 Cooking: 23.892013608836947/50.0

Total: 353/246


DAY 17
Hour: 11 Shower: 48.88387297941418/9.0
Hour: 11 Others: 15.642839353412535/6.099858447258973
Hour: 14 Others: 15.642839353412535/5.637104458662574
Hour: 15 Others: 15.642839353412535/10.286096715392976
Hour: 16 Others: 15.642839353412535/6.97224242802461
Hour: 18 Cooking: 56.70529265612044/60.0
Hour: 19 Others: 15.642839353412535/11.912419892797491
Hour: 20 Shower: 38.02079009509991/7.0
Hour: 20 Cooking: 23.627205273383517/60.0
Hour: 21 Cooking: 23.627205273383517/50.0

Total: 264/224


DAY 18
Hour: 6 Shower: 50.91448887616856/12.0
Hour: 17 Shower: 38.18586665712642/9.0
Hour: 17 Cooking: 58.13798198547497/60.0
Hour: 19 Cooking: 24.224159160614573/60.0
Hour: 19 Others: 8.019031997996548/8.538791019132937
Hour: 20 Cooking: 24.224159160614573/50.0
Hour: 20 Others: 8.019031997996548/9.523414172764628

Total: 210/208


DAY 19
Hour: 17 Cooking: 56.94714335903942/60.0
Hour: 18 Shower: 44.81705390169822/19.0
Hour: 19 Cooking: 23.72797639959976/60.0
Hour: 19 Others: 7.854778394350266/8.176787763313335
Hour: 20 Cooking: 23.72797639959976/50.0
Hour: 20 Others: 7.854778394350266/5.869465754615035
Hour: 21 Others: 7.854778394350266/6.07670288550395
Hour: 22 Shower: 42.458261591082525/18.0

Total: 211/226


DAY 20
Hour: 18 Cooking: 58.21076323398182/60.0
Hour: 20 Cooking: 24.25448468082576/60.0
Hour: 21 Shower: 44.60594883830026/9.0
Hour: 21 Cooking: 24.25448468082576/50.0
Hour: 22 Others: 8.029070790894044/9.67888670890948

Total: 158/188


DAY 21
Hour: 8 Shower: 59.26487381383291/10.0
Hour: 18 Cooking: 58.00549524528895/60.0
Hour: 19 Others: 8.000757964867441/9.45797341463589
Hour: 20 Cooking: 24.16895635220373/60.0
Hour: 21 Cooking: 24.16895635220373/50.0
Hour: 21 Others: 8.000757964867441/10.783834966881912
Hour: 22 Shower: 29.632436906916453/5.0
Hour: 22 Others: 8.000757964867441/8.05063748842148

Total: 218/212


DAY 22
Hour: 6 Shower: 39.75366235554174/11.0
Hour: 18 Shower: 46.98160096564025/13.0
Hour: 18 Cooking: 57.773816802843555/60.0
Hour: 19 Shower: 36.1396930504925/10.0
Hour: 20 Cooking: 24.07242366785148/60.0
Hour: 21 Shower: 54.20953957573874/15.0
Hour: 21 Cooking: 24.07242366785148/50.0

Total: 281/219


DAY 23
Hour: 8 Shower: 50.98385169356483/8.0
Hour: 10 Others: 16.05991328347292/9.349379901463593
Hour: 13 Others: 16.05991328347292/5.532465100089961
Hour: 14 Others: 16.05991328347292/5.841756757728128
Hour: 16 Others: 16.05991328347292/6.547997928223413
Hour: 17 Shower: 38.23788877017362/6.0
Hour: 18 Cooking: 58.217185652589336/60.0
Hour: 18 Others: 16.05991328347292/9.031216610474791
Hour: 20 Cooking: 24.257160688578892/60.0
Hour: 21 Cooking: 24.257160688578892/50.0

Total: 274/218


DAY 24
Hour: 6 Shower: 48.26529605993343/13.0
Hour: 10 Others: 16.038929152224032/7.684198575450265
Hour: 11 Shower: 37.12715081533341/10.0
Hour: 11 Others: 16.038929152224032/9.783031426041159
Hour: 12 Others: 16.038929152224032/7.549477255321703
Hour: 13 Others: 16.038929152224032/5.504594755174446
Hour: 14 Others: 16.038929152224032/11.162110788037253
Hour: 18 Cooking: 58.141118176812114/60.0
Hour: 20 Shower: 48.26529605993343/13.0
Hour: 20 Cooking: 24.22546590700505/60.0
Hour: 21 Cooking: 24.22546590700505/50.0

Total: 319/245


DAY 25
Hour: 6 Shower: 82.3237219214319/17.0
Hour: 17 Shower: 24.21285938865644/5.0
Hour: 19 Cooking: 58.98252547076708/60.0
Hour: 20 Shower: 29.05543126638773/6.0
Hour: 20 Others: 8.135520754588562/6.854023211319929
Hour: 21 Cooking: 24.576052279486284/60.0
Hour: 21 Others: 8.135520754588562/7.024450410511165
Hour: 22 Cooking: 24.576052279486284/50.0
Hour: 22 Others: 8.135520754588562/8.557566804190458

Total: 265/219


DAY 26
Hour: 17 Shower: 23.935024065929724/5.0
Hour: 18 Cooking: 57.78513185117083/60.0
Hour: 19 Others: 7.970363013954597/11.023779960757626
Hour: 20 Cooking: 24.077138271321182/60.0
Hour: 20 Others: 7.970363013954597/6.11412461417164
Hour: 21 Shower: 38.29603850548756/8.0
Hour: 21 Cooking: 24.077138271321182/50.0
Hour: 21 Others: 7.970363013954597/10.545058579628689
Hour: 22 Shower: 52.65705294504539/11.0
Hour: 23 Shower: 62.23106257141728/13.0

Total: 303/234


DAY 27
Hour: 6 Shower: 65.73647736972356/13.0
Hour: 18 Cooking: 59.39037897749255/60.0
Hour: 19 Shower: 40.453216842906805/8.0
Hour: 20 Cooking: 24.745991240621898/60.0
Hour: 21 Cooking: 24.745991240621898/50.0
Hour: 21 Others: 27.30592136896209/5.590093838840609
Hour: 22 Shower: 30.339912632180102/6.0
Hour: 22 Others: 27.30592136896209/6.683900689775806

Total: 297/208


DAY 28
Hour: 6 Shower: 32.341529686876015/8.0
Hour: 17 Shower: 28.29883847601651/7.0
Hour: 19 Cooking: 58.03283233188814/60.0
Hour: 20 Shower: 72.76844179547102/18.0
Hour: 21 Cooking: 24.18034680495339/60.0
Hour: 21 Others: 8.004528597501812/7.327433495132058
Hour: 22 Cooking: 24.18034680495339/50.0
Hour: 22 Others: 8.004528597501812/9.575684732617969

Total: 254/219


DAY 29
Hour: 6 Shower: 63.39003586987375/13.0
Hour: 18 Shower: 53.637722659123945/11.0
Hour: 18 Cooking: 57.270459330128226/60.0
Hour: 20 Shower: 34.13309623762433/7.0
Hour: 20 Cooking: 23.86269138755343/60.0
Hour: 21 Cooking: 23.86269138755343/50.0
Hour: 23 Shower: 24.38078302687452/5.0

Total: 277/206


DAY 30
Hour: 11 Others: 16.436896266677973/10.786735740227797
Hour: 13 Others: 16.436896266677973/7.625128075349435
Hour: 16 Others: 16.436896266677973/9.077116404967025
Hour: 17 Others: 16.436896266677973/7.422011401325884
Hour: 18 Cooking: 59.58374896670765/60.0
Hour: 18 Others: 16.436896266677973/5.3686419828270715
Hour: 20 Cooking: 24.826562069461524/60.0
Hour: 21 Shower: 45.6580451852166/6.0
Hour: 21 Cooking: 24.826562069461524/50.0

Total: 234/214


DAY 31
Hour: 6 Shower: 36.108537110927784/12.0
Hour: 12 Others: 15.707213643253585/8.474173384250133
Hour: 17 Cooking: 56.938649456794245/60.0
Hour: 18 Others: 15.707213643253585/5.170549011857073
Hour: 19 Cooking: 23.724437273664268/60.0
Hour: 19 Others: 15.707213643253585/7.3638680775389425
Hour: 20 Cooking: 23.724437273664268/50.0
Hour: 21 Shower: 51.15376090714769/17.0
Hour: 21 Others: 15.707213643253585/10.919395014595246

Total: 250/229


